2017-09-02 18:47:05.828  INFO 10356 --- [main] com.shopping.ShoppingApplication         : Starting ShoppingApplication on STU-GD with PID 10356 (E:\IntelliJIDEA\shopping\target\classes started by GD in E:\IntelliJIDEA\shopping)
2017-09-02 18:47:05.836  INFO 10356 --- [main] com.shopping.ShoppingApplication         : No active profile set, falling back to default profiles: default
2017-09-02 18:47:05.997  INFO 10356 --- [main] ationConfigEmbeddedWebApplicationContext : Refreshing org.springframework.boot.context.embedded.AnnotationConfigEmbeddedWebApplicationContext@17211155: startup date [Sat Sep 02 18:47:05 CST 2017]; root of context hierarchy
2017-09-02 18:47:07.678  WARN 10356 --- [main] o.m.s.mapper.ClassPathMapperScanner      : No MyBatis mapper was found in '[com.shopping]' package. Please check your configuration.
2017-09-02 18:47:09.483  INFO 10356 --- [main] s.b.c.e.t.TomcatEmbeddedServletContainer : Tomcat initialized with port(s): 10001 (http)
2017-09-02 18:47:09.500  INFO 10356 --- [main] o.apache.catalina.core.StandardService   : Starting service [Tomcat]
2017-09-02 18:47:09.502  INFO 10356 --- [main] org.apache.catalina.core.StandardEngine  : Starting Servlet Engine: Apache Tomcat/8.5.16
2017-09-02 18:47:09.663  INFO 10356 --- [localhost-startStop-1] o.a.c.c.C.[Tomcat].[localhost].[/]       : Initializing Spring embedded WebApplicationContext
2017-09-02 18:47:09.663  INFO 10356 --- [localhost-startStop-1] o.s.web.context.ContextLoader            : Root WebApplicationContext: initialization completed in 3686 ms
2017-09-02 18:47:09.910  INFO 10356 --- [localhost-startStop-1] o.s.b.w.servlet.ServletRegistrationBean  : Mapping servlet: 'dispatcherServlet' to [/]
2017-09-02 18:47:09.918  INFO 10356 --- [localhost-startStop-1] o.s.b.w.servlet.FilterRegistrationBean   : Mapping filter: 'characterEncodingFilter' to: [/*]
2017-09-02 18:47:09.920  INFO 10356 --- [localhost-startStop-1] o.s.b.w.servlet.FilterRegistrationBean   : Mapping filter: 'hiddenHttpMethodFilter' to: [/*]
2017-09-02 18:47:09.920  INFO 10356 --- [localhost-startStop-1] o.s.b.w.servlet.FilterRegistrationBean   : Mapping filter: 'httpPutFormContentFilter' to: [/*]
2017-09-02 18:47:09.921  INFO 10356 --- [localhost-startStop-1] o.s.b.w.servlet.FilterRegistrationBean   : Mapping filter: 'requestContextFilter' to: [/*]
2017-09-02 18:47:09.983  WARN 10356 --- [main] ationConfigEmbeddedWebApplicationContext : Exception encountered during context initialization - cancelling refresh attempt: org.springframework.beans.factory.UnsatisfiedDependencyException: Error creating bean with name 'userController': Unsatisfied dependency expressed through field 'userService'; nested exception is org.springframework.beans.factory.NoSuchBeanDefinitionException: No qualifying bean of type 'com.shopping.service.UserService' available: expected at least 1 bean which qualifies as autowire candidate. Dependency annotations: {@org.springframework.beans.factory.annotation.Autowired(required=true)}
2017-09-02 18:47:09.986  INFO 10356 --- [main] o.apache.catalina.core.StandardService   : Stopping service [Tomcat]
2017-09-02 18:47:10.063  INFO 10356 --- [main] utoConfigurationReportLoggingInitializer : 

Error starting ApplicationContext. To display the auto-configuration report re-run your application with 'debug' enabled.
2017-09-02 18:47:10.242 ERROR 10356 --- [main] o.s.b.d.LoggingFailureAnalysisReporter   : 

***************************
APPLICATION FAILED TO START
***************************

Description:

Field userService in com.shopping.controller.UserController required a bean of type 'com.shopping.service.UserService' that could not be found.


Action:

Consider defining a bean of type 'com.shopping.service.UserService' in your configuration.

2017-09-02 18:53:15.586  INFO 6384 --- [main] com.shopping.ShoppingApplication         : Starting ShoppingApplication on STU-GD with PID 6384 (E:\IntelliJIDEA\shopping\target\classes started by GD in E:\IntelliJIDEA\shopping)
2017-09-02 18:53:15.595  INFO 6384 --- [main] com.shopping.ShoppingApplication         : No active profile set, falling back to default profiles: default
2017-09-02 18:53:15.724  INFO 6384 --- [main] ationConfigEmbeddedWebApplicationContext : Refreshing org.springframework.boot.context.embedded.AnnotationConfigEmbeddedWebApplicationContext@17211155: startup date [Sat Sep 02 18:53:15 CST 2017]; root of context hierarchy
2017-09-02 18:53:17.301  WARN 6384 --- [main] o.m.s.mapper.ClassPathMapperScanner      : No MyBatis mapper was found in '[com.shopping]' package. Please check your configuration.
2017-09-02 18:53:19.317  INFO 6384 --- [main] s.b.c.e.t.TomcatEmbeddedServletContainer : Tomcat initialized with port(s): 10001 (http)
2017-09-02 18:53:19.338  INFO 6384 --- [main] o.apache.catalina.core.StandardService   : Starting service [Tomcat]
2017-09-02 18:53:19.339  INFO 6384 --- [main] org.apache.catalina.core.StandardEngine  : Starting Servlet Engine: Apache Tomcat/8.5.16
2017-09-02 18:53:19.496  INFO 6384 --- [localhost-startStop-1] o.a.c.c.C.[Tomcat].[localhost].[/]       : Initializing Spring embedded WebApplicationContext
2017-09-02 18:53:19.497  INFO 6384 --- [localhost-startStop-1] o.s.web.context.ContextLoader            : Root WebApplicationContext: initialization completed in 3778 ms
2017-09-02 18:53:19.731  INFO 6384 --- [localhost-startStop-1] o.s.b.w.servlet.ServletRegistrationBean  : Mapping servlet: 'dispatcherServlet' to [/]
2017-09-02 18:53:19.739  INFO 6384 --- [localhost-startStop-1] o.s.b.w.servlet.FilterRegistrationBean   : Mapping filter: 'characterEncodingFilter' to: [/*]
2017-09-02 18:53:19.740  INFO 6384 --- [localhost-startStop-1] o.s.b.w.servlet.FilterRegistrationBean   : Mapping filter: 'hiddenHttpMethodFilter' to: [/*]
2017-09-02 18:53:19.741  INFO 6384 --- [localhost-startStop-1] o.s.b.w.servlet.FilterRegistrationBean   : Mapping filter: 'httpPutFormContentFilter' to: [/*]
2017-09-02 18:53:19.741  INFO 6384 --- [localhost-startStop-1] o.s.b.w.servlet.FilterRegistrationBean   : Mapping filter: 'requestContextFilter' to: [/*]
2017-09-02 18:53:20.224  INFO 6384 --- [main] s.w.s.m.m.a.RequestMappingHandlerAdapter : Looking for @ControllerAdvice: org.springframework.boot.context.embedded.AnnotationConfigEmbeddedWebApplicationContext@17211155: startup date [Sat Sep 02 18:53:15 CST 2017]; root of context hierarchy
2017-09-02 18:53:20.331  INFO 6384 --- [main] s.w.s.m.m.a.RequestMappingHandlerMapping : Mapped "{[/error]}" onto public org.springframework.http.ResponseEntity<java.util.Map<java.lang.String, java.lang.Object>> org.springframework.boot.autoconfigure.web.BasicErrorController.error(javax.servlet.http.HttpServletRequest)
2017-09-02 18:53:20.333  INFO 6384 --- [main] s.w.s.m.m.a.RequestMappingHandlerMapping : Mapped "{[/error],produces=[text/html]}" onto public org.springframework.web.servlet.ModelAndView org.springframework.boot.autoconfigure.web.BasicErrorController.errorHtml(javax.servlet.http.HttpServletRequest,javax.servlet.http.HttpServletResponse)
2017-09-02 18:53:20.418  INFO 6384 --- [main] o.s.w.s.handler.SimpleUrlHandlerMapping  : Mapped URL path [/webjars/**] onto handler of type [class org.springframework.web.servlet.resource.ResourceHttpRequestHandler]
2017-09-02 18:53:20.420  INFO 6384 --- [main] o.s.w.s.handler.SimpleUrlHandlerMapping  : Mapped URL path [/**] onto handler of type [class org.springframework.web.servlet.resource.ResourceHttpRequestHandler]
2017-09-02 18:53:20.503  INFO 6384 --- [main] o.s.w.s.handler.SimpleUrlHandlerMapping  : Mapped URL path [/**/favicon.ico] onto handler of type [class org.springframework.web.servlet.resource.ResourceHttpRequestHandler]
2017-09-02 18:53:21.360  INFO 6384 --- [main] o.s.j.e.a.AnnotationMBeanExporter        : Registering beans for JMX exposure on startup
2017-09-02 18:53:21.461  INFO 6384 --- [main] s.b.c.e.t.TomcatEmbeddedServletContainer : Tomcat started on port(s): 10001 (http)
2017-09-02 18:53:21.469  INFO 6384 --- [main] com.shopping.ShoppingApplication         : Started ShoppingApplication in 6.507 seconds (JVM running for 7.539)
2017-09-02 18:54:43.558  INFO 6384 --- [http-nio-10001-exec-3] o.a.c.c.C.[Tomcat].[localhost].[/]       : Initializing Spring FrameworkServlet 'dispatcherServlet'
2017-09-02 18:54:43.558  INFO 6384 --- [http-nio-10001-exec-3] o.s.web.servlet.DispatcherServlet        : FrameworkServlet 'dispatcherServlet': initialization started
2017-09-02 18:54:43.589  INFO 6384 --- [http-nio-10001-exec-3] o.s.web.servlet.DispatcherServlet        : FrameworkServlet 'dispatcherServlet': initialization completed in 31 ms
2017-09-02 18:55:23.070  INFO 16512 --- [main] com.shopping.ShoppingApplication         : Starting ShoppingApplication on STU-GD with PID 16512 (E:\IntelliJIDEA\shopping\target\classes started by GD in E:\IntelliJIDEA\shopping)
2017-09-02 18:55:23.075  INFO 16512 --- [main] com.shopping.ShoppingApplication         : No active profile set, falling back to default profiles: default
2017-09-02 18:55:23.188  INFO 16512 --- [main] ationConfigEmbeddedWebApplicationContext : Refreshing org.springframework.boot.context.embedded.AnnotationConfigEmbeddedWebApplicationContext@17211155: startup date [Sat Sep 02 18:55:23 CST 2017]; root of context hierarchy
2017-09-02 18:55:24.615  WARN 16512 --- [main] o.m.s.mapper.ClassPathMapperScanner      : No MyBatis mapper was found in '[com.shopping]' package. Please check your configuration.
2017-09-02 18:55:26.627  INFO 16512 --- [main] s.b.c.e.t.TomcatEmbeddedServletContainer : Tomcat initialized with port(s): 8080 (http)
2017-09-02 18:55:26.644  INFO 16512 --- [main] o.apache.catalina.core.StandardService   : Starting service [Tomcat]
2017-09-02 18:55:26.646  INFO 16512 --- [main] org.apache.catalina.core.StandardEngine  : Starting Servlet Engine: Apache Tomcat/8.5.16
2017-09-02 18:55:26.795  INFO 16512 --- [localhost-startStop-1] o.a.c.c.C.[Tomcat].[localhost].[/]       : Initializing Spring embedded WebApplicationContext
2017-09-02 18:55:26.795  INFO 16512 --- [localhost-startStop-1] o.s.web.context.ContextLoader            : Root WebApplicationContext: initialization completed in 3614 ms
2017-09-02 18:55:27.039  INFO 16512 --- [localhost-startStop-1] o.s.b.w.servlet.ServletRegistrationBean  : Mapping servlet: 'dispatcherServlet' to [/]
2017-09-02 18:55:27.046  INFO 16512 --- [localhost-startStop-1] o.s.b.w.servlet.FilterRegistrationBean   : Mapping filter: 'characterEncodingFilter' to: [/*]
2017-09-02 18:55:27.048  INFO 16512 --- [localhost-startStop-1] o.s.b.w.servlet.FilterRegistrationBean   : Mapping filter: 'hiddenHttpMethodFilter' to: [/*]
2017-09-02 18:55:27.049  INFO 16512 --- [localhost-startStop-1] o.s.b.w.servlet.FilterRegistrationBean   : Mapping filter: 'httpPutFormContentFilter' to: [/*]
2017-09-02 18:55:27.049  INFO 16512 --- [localhost-startStop-1] o.s.b.w.servlet.FilterRegistrationBean   : Mapping filter: 'requestContextFilter' to: [/*]
2017-09-02 18:55:27.563  INFO 16512 --- [main] s.w.s.m.m.a.RequestMappingHandlerAdapter : Looking for @ControllerAdvice: org.springframework.boot.context.embedded.AnnotationConfigEmbeddedWebApplicationContext@17211155: startup date [Sat Sep 02 18:55:23 CST 2017]; root of context hierarchy
2017-09-02 18:55:27.656  INFO 16512 --- [main] s.w.s.m.m.a.RequestMappingHandlerMapping : Mapped "{[/error]}" onto public org.springframework.http.ResponseEntity<java.util.Map<java.lang.String, java.lang.Object>> org.springframework.boot.autoconfigure.web.BasicErrorController.error(javax.servlet.http.HttpServletRequest)
2017-09-02 18:55:27.659  INFO 16512 --- [main] s.w.s.m.m.a.RequestMappingHandlerMapping : Mapped "{[/error],produces=[text/html]}" onto public org.springframework.web.servlet.ModelAndView org.springframework.boot.autoconfigure.web.BasicErrorController.errorHtml(javax.servlet.http.HttpServletRequest,javax.servlet.http.HttpServletResponse)
2017-09-02 18:55:27.736  INFO 16512 --- [main] o.s.w.s.handler.SimpleUrlHandlerMapping  : Mapped URL path [/webjars/**] onto handler of type [class org.springframework.web.servlet.resource.ResourceHttpRequestHandler]
2017-09-02 18:55:27.736  INFO 16512 --- [main] o.s.w.s.handler.SimpleUrlHandlerMapping  : Mapped URL path [/**] onto handler of type [class org.springframework.web.servlet.resource.ResourceHttpRequestHandler]
2017-09-02 18:55:27.797  INFO 16512 --- [main] o.s.w.s.handler.SimpleUrlHandlerMapping  : Mapped URL path [/**/favicon.ico] onto handler of type [class org.springframework.web.servlet.resource.ResourceHttpRequestHandler]
2017-09-02 18:55:28.658  INFO 16512 --- [main] o.s.j.e.a.AnnotationMBeanExporter        : Registering beans for JMX exposure on startup
2017-09-02 18:55:28.757  INFO 16512 --- [main] s.b.c.e.t.TomcatEmbeddedServletContainer : Tomcat started on port(s): 8080 (http)
2017-09-02 18:55:28.765  INFO 16512 --- [main] com.shopping.ShoppingApplication         : Started ShoppingApplication in 6.275 seconds (JVM running for 7.268)
2017-09-02 18:56:12.449  INFO 16512 --- [http-nio-8080-exec-1] o.a.c.c.C.[Tomcat].[localhost].[/]       : Initializing Spring FrameworkServlet 'dispatcherServlet'
2017-09-02 18:56:12.450  INFO 16512 --- [http-nio-8080-exec-1] o.s.web.servlet.DispatcherServlet        : FrameworkServlet 'dispatcherServlet': initialization started
2017-09-02 18:56:12.489  INFO 16512 --- [http-nio-8080-exec-1] o.s.web.servlet.DispatcherServlet        : FrameworkServlet 'dispatcherServlet': initialization completed in 38 ms
2017-09-02 19:01:18.715  INFO 11572 --- [main] com.shopping.ShoppingApplication         : Starting ShoppingApplication on STU-GD with PID 11572 (E:\IntelliJIDEA\shopping\target\classes started by GD in E:\IntelliJIDEA\shopping)
2017-09-02 19:01:18.721  INFO 11572 --- [main] com.shopping.ShoppingApplication         : No active profile set, falling back to default profiles: default
2017-09-02 19:01:18.882  INFO 11572 --- [main] ationConfigEmbeddedWebApplicationContext : Refreshing org.springframework.boot.context.embedded.AnnotationConfigEmbeddedWebApplicationContext@17211155: startup date [Sat Sep 02 19:01:18 CST 2017]; root of context hierarchy
2017-09-02 19:01:20.410  WARN 11572 --- [main] o.m.s.mapper.ClassPathMapperScanner      : No MyBatis mapper was found in '[com.shopping]' package. Please check your configuration.
2017-09-02 19:01:22.211  INFO 11572 --- [main] s.b.c.e.t.TomcatEmbeddedServletContainer : Tomcat initialized with port(s): 8080 (http)
2017-09-02 19:01:22.228  INFO 11572 --- [main] o.apache.catalina.core.StandardService   : Starting service [Tomcat]
2017-09-02 19:01:22.230  INFO 11572 --- [main] org.apache.catalina.core.StandardEngine  : Starting Servlet Engine: Apache Tomcat/8.5.16
2017-09-02 19:01:22.498  INFO 11572 --- [localhost-startStop-1] o.a.c.c.C.[Tomcat].[localhost].[/]       : Initializing Spring embedded WebApplicationContext
2017-09-02 19:01:22.499  INFO 11572 --- [localhost-startStop-1] o.s.web.context.ContextLoader            : Root WebApplicationContext: initialization completed in 3624 ms
2017-09-02 19:01:22.788  INFO 11572 --- [localhost-startStop-1] o.s.b.w.servlet.ServletRegistrationBean  : Mapping servlet: 'dispatcherServlet' to [/]
2017-09-02 19:01:22.795  INFO 11572 --- [localhost-startStop-1] o.s.b.w.servlet.FilterRegistrationBean   : Mapping filter: 'characterEncodingFilter' to: [/*]
2017-09-02 19:01:22.796  INFO 11572 --- [localhost-startStop-1] o.s.b.w.servlet.FilterRegistrationBean   : Mapping filter: 'hiddenHttpMethodFilter' to: [/*]
2017-09-02 19:01:22.796  INFO 11572 --- [localhost-startStop-1] o.s.b.w.servlet.FilterRegistrationBean   : Mapping filter: 'httpPutFormContentFilter' to: [/*]
2017-09-02 19:01:22.796  INFO 11572 --- [localhost-startStop-1] o.s.b.w.servlet.FilterRegistrationBean   : Mapping filter: 'requestContextFilter' to: [/*]
2017-09-02 19:01:23.313  INFO 11572 --- [main] s.w.s.m.m.a.RequestMappingHandlerAdapter : Looking for @ControllerAdvice: org.springframework.boot.context.embedded.AnnotationConfigEmbeddedWebApplicationContext@17211155: startup date [Sat Sep 02 19:01:18 CST 2017]; root of context hierarchy
2017-09-02 19:01:23.406  INFO 11572 --- [main] s.w.s.m.m.a.RequestMappingHandlerMapping : Mapped "{[/error]}" onto public org.springframework.http.ResponseEntity<java.util.Map<java.lang.String, java.lang.Object>> org.springframework.boot.autoconfigure.web.BasicErrorController.error(javax.servlet.http.HttpServletRequest)
2017-09-02 19:01:23.408  INFO 11572 --- [main] s.w.s.m.m.a.RequestMappingHandlerMapping : Mapped "{[/error],produces=[text/html]}" onto public org.springframework.web.servlet.ModelAndView org.springframework.boot.autoconfigure.web.BasicErrorController.errorHtml(javax.servlet.http.HttpServletRequest,javax.servlet.http.HttpServletResponse)
2017-09-02 19:01:23.486  INFO 11572 --- [main] o.s.w.s.handler.SimpleUrlHandlerMapping  : Mapped URL path [/webjars/**] onto handler of type [class org.springframework.web.servlet.resource.ResourceHttpRequestHandler]
2017-09-02 19:01:23.486  INFO 11572 --- [main] o.s.w.s.handler.SimpleUrlHandlerMapping  : Mapped URL path [/**] onto handler of type [class org.springframework.web.servlet.resource.ResourceHttpRequestHandler]
2017-09-02 19:01:23.543  INFO 11572 --- [main] o.s.w.s.handler.SimpleUrlHandlerMapping  : Mapped URL path [/**/favicon.ico] onto handler of type [class org.springframework.web.servlet.resource.ResourceHttpRequestHandler]
2017-09-02 19:01:24.320  INFO 11572 --- [main] o.s.j.e.a.AnnotationMBeanExporter        : Registering beans for JMX exposure on startup
2017-09-02 19:01:24.421  INFO 11572 --- [main] s.b.c.e.t.TomcatEmbeddedServletContainer : Tomcat started on port(s): 8080 (http)
2017-09-02 19:01:24.428  INFO 11572 --- [main] com.shopping.ShoppingApplication         : Started ShoppingApplication in 6.309 seconds (JVM running for 7.457)
2017-09-02 19:04:48.420  INFO 11572 --- [http-nio-8080-exec-1] o.a.c.c.C.[Tomcat].[localhost].[/]       : Initializing Spring FrameworkServlet 'dispatcherServlet'
2017-09-02 19:04:48.420  INFO 11572 --- [http-nio-8080-exec-1] o.s.web.servlet.DispatcherServlet        : FrameworkServlet 'dispatcherServlet': initialization started
2017-09-02 19:04:48.449  INFO 11572 --- [http-nio-8080-exec-1] o.s.web.servlet.DispatcherServlet        : FrameworkServlet 'dispatcherServlet': initialization completed in 29 ms
2017-09-02 19:09:55.724  INFO 14516 --- [main] com.shopping.ShoppingApplication         : Starting ShoppingApplication on STU-GD with PID 14516 (E:\IntelliJIDEA\shopping\target\classes started by GD in E:\IntelliJIDEA\shopping)
2017-09-02 19:09:55.730  INFO 14516 --- [main] com.shopping.ShoppingApplication         : No active profile set, falling back to default profiles: default
2017-09-02 19:09:55.854  INFO 14516 --- [main] ationConfigEmbeddedWebApplicationContext : Refreshing org.springframework.boot.context.embedded.AnnotationConfigEmbeddedWebApplicationContext@17211155: startup date [Sat Sep 02 19:09:55 CST 2017]; root of context hierarchy
2017-09-02 19:09:57.601  WARN 14516 --- [main] o.m.s.mapper.ClassPathMapperScanner      : No MyBatis mapper was found in '[com.shopping]' package. Please check your configuration.
2017-09-02 19:09:59.772  INFO 14516 --- [main] s.b.c.e.t.TomcatEmbeddedServletContainer : Tomcat initialized with port(s): 8080 (http)
2017-09-02 19:09:59.794  INFO 14516 --- [main] o.apache.catalina.core.StandardService   : Starting service [Tomcat]
2017-09-02 19:09:59.796  INFO 14516 --- [main] org.apache.catalina.core.StandardEngine  : Starting Servlet Engine: Apache Tomcat/8.5.16
2017-09-02 19:09:59.969  INFO 14516 --- [localhost-startStop-1] o.a.c.c.C.[Tomcat].[localhost].[/]       : Initializing Spring embedded WebApplicationContext
2017-09-02 19:09:59.970  INFO 14516 --- [localhost-startStop-1] o.s.web.context.ContextLoader            : Root WebApplicationContext: initialization completed in 4122 ms
2017-09-02 19:10:00.352  INFO 14516 --- [localhost-startStop-1] o.s.b.w.servlet.ServletRegistrationBean  : Mapping servlet: 'dispatcherServlet' to [/]
2017-09-02 19:10:00.359  INFO 14516 --- [localhost-startStop-1] o.s.b.w.servlet.FilterRegistrationBean   : Mapping filter: 'characterEncodingFilter' to: [/*]
2017-09-02 19:10:00.360  INFO 14516 --- [localhost-startStop-1] o.s.b.w.servlet.FilterRegistrationBean   : Mapping filter: 'hiddenHttpMethodFilter' to: [/*]
2017-09-02 19:10:00.361  INFO 14516 --- [localhost-startStop-1] o.s.b.w.servlet.FilterRegistrationBean   : Mapping filter: 'httpPutFormContentFilter' to: [/*]
2017-09-02 19:10:00.361  INFO 14516 --- [localhost-startStop-1] o.s.b.w.servlet.FilterRegistrationBean   : Mapping filter: 'requestContextFilter' to: [/*]
2017-09-02 19:10:00.444  WARN 14516 --- [main] ationConfigEmbeddedWebApplicationContext : Exception encountered during context initialization - cancelling refresh attempt: org.springframework.beans.factory.UnsatisfiedDependencyException: Error creating bean with name 'userController': Unsatisfied dependency expressed through field 'userService'; nested exception is org.springframework.beans.factory.NoSuchBeanDefinitionException: No qualifying bean of type 'com.shopping.service.UserService' available: expected at least 1 bean which qualifies as autowire candidate. Dependency annotations: {@org.springframework.beans.factory.annotation.Autowired(required=true)}
2017-09-02 19:10:00.449  INFO 14516 --- [main] o.apache.catalina.core.StandardService   : Stopping service [Tomcat]
2017-09-02 19:10:00.485  INFO 14516 --- [main] utoConfigurationReportLoggingInitializer : 

Error starting ApplicationContext. To display the auto-configuration report re-run your application with 'debug' enabled.
2017-09-02 19:10:00.671 ERROR 14516 --- [main] o.s.b.d.LoggingFailureAnalysisReporter   : 

***************************
APPLICATION FAILED TO START
***************************

Description:

Field userService in com.shopping.controller.UserController required a bean of type 'com.shopping.service.UserService' that could not be found.


Action:

Consider defining a bean of type 'com.shopping.service.UserService' in your configuration.

2017-09-02 19:10:55.438  INFO 17128 --- [main] com.shopping.ShoppingApplication         : Starting ShoppingApplication on STU-GD with PID 17128 (E:\IntelliJIDEA\shopping\target\classes started by GD in E:\IntelliJIDEA\shopping)
2017-09-02 19:10:55.444  INFO 17128 --- [main] com.shopping.ShoppingApplication         : No active profile set, falling back to default profiles: default
2017-09-02 19:10:55.569  INFO 17128 --- [main] ationConfigEmbeddedWebApplicationContext : Refreshing org.springframework.boot.context.embedded.AnnotationConfigEmbeddedWebApplicationContext@17211155: startup date [Sat Sep 02 19:10:55 CST 2017]; root of context hierarchy
2017-09-02 19:10:56.981  WARN 17128 --- [main] o.m.s.mapper.ClassPathMapperScanner      : No MyBatis mapper was found in '[com.shopping]' package. Please check your configuration.
2017-09-02 19:10:59.055  INFO 17128 --- [main] s.b.c.e.t.TomcatEmbeddedServletContainer : Tomcat initialized with port(s): 8080 (http)
2017-09-02 19:10:59.073  INFO 17128 --- [main] o.apache.catalina.core.StandardService   : Starting service [Tomcat]
2017-09-02 19:10:59.075  INFO 17128 --- [main] org.apache.catalina.core.StandardEngine  : Starting Servlet Engine: Apache Tomcat/8.5.16
2017-09-02 19:10:59.245  INFO 17128 --- [localhost-startStop-1] o.a.c.c.C.[Tomcat].[localhost].[/]       : Initializing Spring embedded WebApplicationContext
2017-09-02 19:10:59.246  INFO 17128 --- [localhost-startStop-1] o.s.web.context.ContextLoader            : Root WebApplicationContext: initialization completed in 3682 ms
2017-09-02 19:10:59.532  INFO 17128 --- [localhost-startStop-1] o.s.b.w.servlet.ServletRegistrationBean  : Mapping servlet: 'dispatcherServlet' to [/]
2017-09-02 19:10:59.541  INFO 17128 --- [localhost-startStop-1] o.s.b.w.servlet.FilterRegistrationBean   : Mapping filter: 'characterEncodingFilter' to: [/*]
2017-09-02 19:10:59.542  INFO 17128 --- [localhost-startStop-1] o.s.b.w.servlet.FilterRegistrationBean   : Mapping filter: 'hiddenHttpMethodFilter' to: [/*]
2017-09-02 19:10:59.543  INFO 17128 --- [localhost-startStop-1] o.s.b.w.servlet.FilterRegistrationBean   : Mapping filter: 'httpPutFormContentFilter' to: [/*]
2017-09-02 19:10:59.543  INFO 17128 --- [localhost-startStop-1] o.s.b.w.servlet.FilterRegistrationBean   : Mapping filter: 'requestContextFilter' to: [/*]
2017-09-02 19:10:59.615  WARN 17128 --- [main] ationConfigEmbeddedWebApplicationContext : Exception encountered during context initialization - cancelling refresh attempt: org.springframework.beans.factory.UnsatisfiedDependencyException: Error creating bean with name 'userController': Unsatisfied dependency expressed through field 'userService'; nested exception is org.springframework.beans.factory.NoSuchBeanDefinitionException: No qualifying bean of type 'com.shopping.service.UserService' available: expected at least 1 bean which qualifies as autowire candidate. Dependency annotations: {@org.springframework.beans.factory.annotation.Autowired(required=true)}
2017-09-02 19:10:59.619  INFO 17128 --- [main] o.apache.catalina.core.StandardService   : Stopping service [Tomcat]
2017-09-02 19:10:59.651  INFO 17128 --- [main] utoConfigurationReportLoggingInitializer : 

Error starting ApplicationContext. To display the auto-configuration report re-run your application with 'debug' enabled.
2017-09-02 19:10:59.850 ERROR 17128 --- [main] o.s.b.d.LoggingFailureAnalysisReporter   : 

***************************
APPLICATION FAILED TO START
***************************

Description:

Field userService in com.shopping.controller.UserController required a bean of type 'com.shopping.service.UserService' that could not be found.


Action:

Consider defining a bean of type 'com.shopping.service.UserService' in your configuration.

2017-09-02 19:11:43.499  INFO 15732 --- [main] com.shopping.ShoppingApplication         : Starting ShoppingApplication on STU-GD with PID 15732 (E:\IntelliJIDEA\shopping\target\classes started by GD in E:\IntelliJIDEA\shopping)
2017-09-02 19:11:43.525  INFO 15732 --- [main] com.shopping.ShoppingApplication         : No active profile set, falling back to default profiles: default
2017-09-02 19:11:43.646  INFO 15732 --- [main] ationConfigEmbeddedWebApplicationContext : Refreshing org.springframework.boot.context.embedded.AnnotationConfigEmbeddedWebApplicationContext@17211155: startup date [Sat Sep 02 19:11:43 CST 2017]; root of context hierarchy
2017-09-02 19:11:45.243  WARN 15732 --- [main] o.m.s.mapper.ClassPathMapperScanner      : No MyBatis mapper was found in '[com.shopping]' package. Please check your configuration.
2017-09-02 19:11:47.137  INFO 15732 --- [main] s.b.c.e.t.TomcatEmbeddedServletContainer : Tomcat initialized with port(s): 8080 (http)
2017-09-02 19:11:47.154  INFO 15732 --- [main] o.apache.catalina.core.StandardService   : Starting service [Tomcat]
2017-09-02 19:11:47.156  INFO 15732 --- [main] org.apache.catalina.core.StandardEngine  : Starting Servlet Engine: Apache Tomcat/8.5.16
2017-09-02 19:11:47.309  INFO 15732 --- [localhost-startStop-1] o.a.c.c.C.[Tomcat].[localhost].[/]       : Initializing Spring embedded WebApplicationContext
2017-09-02 19:11:47.309  INFO 15732 --- [localhost-startStop-1] o.s.web.context.ContextLoader            : Root WebApplicationContext: initialization completed in 3673 ms
2017-09-02 19:11:47.549  INFO 15732 --- [localhost-startStop-1] o.s.b.w.servlet.ServletRegistrationBean  : Mapping servlet: 'dispatcherServlet' to [/]
2017-09-02 19:11:47.556  INFO 15732 --- [localhost-startStop-1] o.s.b.w.servlet.FilterRegistrationBean   : Mapping filter: 'characterEncodingFilter' to: [/*]
2017-09-02 19:11:47.557  INFO 15732 --- [localhost-startStop-1] o.s.b.w.servlet.FilterRegistrationBean   : Mapping filter: 'hiddenHttpMethodFilter' to: [/*]
2017-09-02 19:11:47.558  INFO 15732 --- [localhost-startStop-1] o.s.b.w.servlet.FilterRegistrationBean   : Mapping filter: 'httpPutFormContentFilter' to: [/*]
2017-09-02 19:11:47.558  INFO 15732 --- [localhost-startStop-1] o.s.b.w.servlet.FilterRegistrationBean   : Mapping filter: 'requestContextFilter' to: [/*]
2017-09-02 19:11:47.625  WARN 15732 --- [main] ationConfigEmbeddedWebApplicationContext : Exception encountered during context initialization - cancelling refresh attempt: org.springframework.beans.factory.UnsatisfiedDependencyException: Error creating bean with name 'userController': Unsatisfied dependency expressed through field 'userService'; nested exception is org.springframework.beans.factory.NoSuchBeanDefinitionException: No qualifying bean of type 'com.shopping.service.UserService' available: expected at least 1 bean which qualifies as autowire candidate. Dependency annotations: {@org.springframework.beans.factory.annotation.Autowired(required=true)}
2017-09-02 19:11:47.629  INFO 15732 --- [main] o.apache.catalina.core.StandardService   : Stopping service [Tomcat]
2017-09-02 19:11:47.662  INFO 15732 --- [main] utoConfigurationReportLoggingInitializer : 

Error starting ApplicationContext. To display the auto-configuration report re-run your application with 'debug' enabled.
2017-09-02 19:11:47.804 ERROR 15732 --- [main] o.s.b.d.LoggingFailureAnalysisReporter   : 

***************************
APPLICATION FAILED TO START
***************************

Description:

Field userService in com.shopping.controller.UserController required a bean of type 'com.shopping.service.UserService' that could not be found.


Action:

Consider defining a bean of type 'com.shopping.service.UserService' in your configuration.

2017-09-02 19:11:59.814  INFO 6352 --- [main] com.shopping.ShoppingApplication         : Starting ShoppingApplication on STU-GD with PID 6352 (E:\IntelliJIDEA\shopping\target\classes started by GD in E:\IntelliJIDEA\shopping)
2017-09-02 19:11:59.820  INFO 6352 --- [main] com.shopping.ShoppingApplication         : No active profile set, falling back to default profiles: default
2017-09-02 19:11:59.940  INFO 6352 --- [main] ationConfigEmbeddedWebApplicationContext : Refreshing org.springframework.boot.context.embedded.AnnotationConfigEmbeddedWebApplicationContext@17211155: startup date [Sat Sep 02 19:11:59 CST 2017]; root of context hierarchy
2017-09-02 19:12:01.616  WARN 6352 --- [main] o.m.s.mapper.ClassPathMapperScanner      : No MyBatis mapper was found in '[com.shopping]' package. Please check your configuration.
2017-09-02 19:12:04.004  INFO 6352 --- [main] s.b.c.e.t.TomcatEmbeddedServletContainer : Tomcat initialized with port(s): 8080 (http)
2017-09-02 19:12:04.029  INFO 6352 --- [main] o.apache.catalina.core.StandardService   : Starting service [Tomcat]
2017-09-02 19:12:04.032  INFO 6352 --- [main] org.apache.catalina.core.StandardEngine  : Starting Servlet Engine: Apache Tomcat/8.5.16
2017-09-02 19:12:04.215  INFO 6352 --- [localhost-startStop-1] o.a.c.c.C.[Tomcat].[localhost].[/]       : Initializing Spring embedded WebApplicationContext
2017-09-02 19:12:04.216  INFO 6352 --- [localhost-startStop-1] o.s.web.context.ContextLoader            : Root WebApplicationContext: initialization completed in 4284 ms
2017-09-02 19:12:04.523  INFO 6352 --- [localhost-startStop-1] o.s.b.w.servlet.ServletRegistrationBean  : Mapping servlet: 'dispatcherServlet' to [/]
2017-09-02 19:12:04.530  INFO 6352 --- [localhost-startStop-1] o.s.b.w.servlet.FilterRegistrationBean   : Mapping filter: 'characterEncodingFilter' to: [/*]
2017-09-02 19:12:04.531  INFO 6352 --- [localhost-startStop-1] o.s.b.w.servlet.FilterRegistrationBean   : Mapping filter: 'hiddenHttpMethodFilter' to: [/*]
2017-09-02 19:12:04.532  INFO 6352 --- [localhost-startStop-1] o.s.b.w.servlet.FilterRegistrationBean   : Mapping filter: 'httpPutFormContentFilter' to: [/*]
2017-09-02 19:12:04.533  INFO 6352 --- [localhost-startStop-1] o.s.b.w.servlet.FilterRegistrationBean   : Mapping filter: 'requestContextFilter' to: [/*]
2017-09-02 19:12:05.063  INFO 6352 --- [main] s.w.s.m.m.a.RequestMappingHandlerAdapter : Looking for @ControllerAdvice: org.springframework.boot.context.embedded.AnnotationConfigEmbeddedWebApplicationContext@17211155: startup date [Sat Sep 02 19:11:59 CST 2017]; root of context hierarchy
2017-09-02 19:12:05.168  INFO 6352 --- [main] s.w.s.m.m.a.RequestMappingHandlerMapping : Mapped "{[/error]}" onto public org.springframework.http.ResponseEntity<java.util.Map<java.lang.String, java.lang.Object>> org.springframework.boot.autoconfigure.web.BasicErrorController.error(javax.servlet.http.HttpServletRequest)
2017-09-02 19:12:05.171  INFO 6352 --- [main] s.w.s.m.m.a.RequestMappingHandlerMapping : Mapped "{[/error],produces=[text/html]}" onto public org.springframework.web.servlet.ModelAndView org.springframework.boot.autoconfigure.web.BasicErrorController.errorHtml(javax.servlet.http.HttpServletRequest,javax.servlet.http.HttpServletResponse)
2017-09-02 19:12:05.251  INFO 6352 --- [main] o.s.w.s.handler.SimpleUrlHandlerMapping  : Mapped URL path [/webjars/**] onto handler of type [class org.springframework.web.servlet.resource.ResourceHttpRequestHandler]
2017-09-02 19:12:05.251  INFO 6352 --- [main] o.s.w.s.handler.SimpleUrlHandlerMapping  : Mapped URL path [/**] onto handler of type [class org.springframework.web.servlet.resource.ResourceHttpRequestHandler]
2017-09-02 19:12:05.325  INFO 6352 --- [main] o.s.w.s.handler.SimpleUrlHandlerMapping  : Mapped URL path [/**/favicon.ico] onto handler of type [class org.springframework.web.servlet.resource.ResourceHttpRequestHandler]
2017-09-02 19:12:06.160  INFO 6352 --- [main] o.s.j.e.a.AnnotationMBeanExporter        : Registering beans for JMX exposure on startup
2017-09-02 19:12:06.261  INFO 6352 --- [main] s.b.c.e.t.TomcatEmbeddedServletContainer : Tomcat started on port(s): 8080 (http)
2017-09-02 19:12:06.269  INFO 6352 --- [main] com.shopping.ShoppingApplication         : Started ShoppingApplication in 7.025 seconds (JVM running for 7.999)
